<?xml version="1.0" encoding="UTF-8"?>
<!-- Generated by org.testng.reporters.JUnitReportReporter -->
<testsuite hostname="smitas-Air.home" failures="0" tests="1" name="com.carousell.Testcases.VerifyCarousellHome" time="72.696" errors="0" timestamp="20 Jan 2019 12:56:35 GMT" skipped="0">
  <testcase classname="com.carousell.Testcases.VerifyCarousellHome" name="verifyHomePage" time="72.696"/>
</testsuite> <!-- com.carousell.Testcases.VerifyCarousellHome -->
