<?xml version="1.0" encoding="UTF-8"?>
<!-- Generated by org.testng.reporters.JUnitReportReporter -->
<testsuite hostname="smitas-MacBook-Air.local" failures="0" tests="1" name="com.carousell.Testcases.VerifyLogin" time="23.149" errors="0" timestamp="20 Jan 2019 06:48:52 GMT" skipped="0">
  <testcase classname="com.carousell.Testcases.VerifyLogin" name="verifyLogin" time="23.149"/>
</testsuite> <!-- com.carousell.Testcases.VerifyLogin -->
