<?xml version="1.0" encoding="UTF-8"?>
<!-- Generated by org.testng.reporters.JUnitReportReporter -->
<testsuite hostname="smitas-Air.home" failures="0" tests="1" name="comcarousellTestcases.VerifySenderMessage" time="80.685" errors="0" timestamp="21 Jan 2019 14:44:26 GMT" skipped="0">
  <testcase classname="comcarousellTestcases.VerifySenderMessage" name="verifyMessage" time="80.685"/>
</testsuite> <!-- comcarousellTestcases.VerifySenderMessage -->
