<?xml version="1.0" encoding="UTF-8"?>
<!-- Generated by org.testng.reporters.JUnitReportReporter -->
<testsuite hostname="smitas-Air.home" failures="0" tests="1" name="comcarousellTestcases.VerifyCarousellInbox" time="68.217" errors="0" timestamp="21 Jan 2019 14:52:54 GMT" skipped="0">
  <testcase classname="comcarousellTestcases.VerifyCarousellInbox" name="verifyInboxMsg" time="68.217"/>
</testsuite> <!-- comcarousellTestcases.VerifyCarousellInbox -->
